module_vedio/build/outputs/logs/manifest-merger-debug-report.txt
-- Merging decision tree log ---
manifest
ADDED from src\main\AndroidManifest.xml:2:1-26:12
INJECTED from src\main\AndroidManifest.xml:2:1-26:12
INJECTED from src\main\AndroidManifest.xml:2:1-26:12
INJECTED from src\main\AndroidManifest.xml:2:1-26:12
INJECTED from src\main\AndroidManifest.xml:2:1-26:12
INJECTED from src\main\AndroidManifest.xml:2:1-26:12
INJECTED from src\main\AndroidManifest.xml:2:1-26:12
	package
		ADDED from src\main\AndroidManifest.xml:3:5-38
		INJECTED from src\main\AndroidManifest.xml
		INJECTED from src\main\AndroidManifest.xml
	android:versionName
		INJECTED from src\main\AndroidManifest.xml
		ADDED from src\main\AndroidManifest.xml:2:1-26:12
		INJECTED from src\main\AndroidManifest.xml
	android:versionCode
		INJECTED from src\main\AndroidManifest.xml
		ADDED from src\main\AndroidManifest.xml:2:1-26:12
		INJECTED from src\main\AndroidManifest.xml
	xmlns:android
		ADDED from src\main\AndroidManifest.xml:2:11-69
application
ADDED from src\main\AndroidManifest.xml:5:5-24:19
activity#com.juntai.wisdom.video.player.DronePlayer
ADDED from src\main\AndroidManifest.xml:6:9-8:52
	android:screenOrientation
		ADDED from src\main\AndroidManifest.xml:8:13-49
	android:configChanges
		ADDED from src\main\AndroidManifest.xml:7:13-74
	android:name
		ADDED from src\main\AndroidManifest.xml:6:19-53
activity#com.mabeijianxi.smallvideorecord2.MediaRecorderActivity
ADDED from src\main\AndroidManifest.xml:10:9-11:53
	android:theme
		ADDED from src\main\AndroidManifest.xml:11:13-51
	android:name
		ADDED from src\main\AndroidManifest.xml:10:19-89
activity#com.juntai.wisdom.video.record.VideoPreviewActivity
ADDED from src\main\AndroidManifest.xml:12:9-65
	android:name
		ADDED from src\main\AndroidManifest.xml:12:19-62
activity#com.juntai.wisdom.video.player.PlayerActivity
ADDED from src\main\AndroidManifest.xml:13:9-16:52
	android:screenOrientation
		ADDED from src\main\AndroidManifest.xml:16:13-49
	android:configChanges
		ADDED from src\main\AndroidManifest.xml:15:13-74
	android:name
		ADDED from src\main\AndroidManifest.xml:14:13-50
activity#com.juntai.wisdom.video.img.ImageZoomActivity
ADDED from src\main\AndroidManifest.xml:17:9-59
	android:name
		ADDED from src\main\AndroidManifest.xml:17:19-56
activity#com.juntai.wisdom.video.record.SendSmallVideoActivity2
ADDED from src\main\AndroidManifest.xml:18:9-68
	android:name
		ADDED from src\main\AndroidManifest.xml:18:19-65
uses-library#org.apache.http.legacy
ADDED from src\main\AndroidManifest.xml:20:9-22:40
	android:required
		ADDED from src\main\AndroidManifest.xml:22:13-37
	android:name
		ADDED from src\main\AndroidManifest.xml:21:13-50
uses-sdk
INJECTED from src\main\AndroidManifest.xml reason: use-sdk injection requested
INJECTED from src\main\AndroidManifest.xml
INJECTED from src\main\AndroidManifest.xml
INJECTED from src\main\AndroidManifest.xml
INJECTED from src\main\AndroidManifest.xml
	android:targetSdkVersion
		INJECTED from src\main\AndroidManifest.xml
		ADDED from src\main\AndroidManifest.xml
		INJECTED from src\main\AndroidManifest.xml
	android:minSdkVersion
		INJECTED from src\main\AndroidManifest.xml
		ADDED from src\main\AndroidManifest.xml
		INJECTED from src\main\AndroidManifest.xml